<?xml version="1.0" encoding="UTF-8"?>
<testResults>
  <version>2019.1.0</version>
  <resultSheet>
    <keyName>CHAR_DATASHEET_MOTOR</keyName>
    <uuid>51bf8e9b-fdf3-492d-b064-1e15e1bada2e</uuid>
    <typeClass>com.cedrat.motor.motorcommon.common.enumerate.test.TestTypeEnum</typeClass>
    <typeName>CHAR_DATASHEET_MOTOR</typeName>
    <version>1.0</version>
    <sections>
      <resultSections>
        <sectionTitle>Configuration</sectionTitle>
        <resultSectionsResults>
          <resultDataOutput>
            <iconEnumClass>com.cedrat.motor.motorcommon.resultmodel.data.enumerate.ResultIconEnum</iconEnumClass>
            <iconEnumName>TABLE</iconEnumName>
            <resultNameEnumClass>com.cedrat.motor.motorcommon.common.enumerate.result.ResultEnum</resultNameEnumClass>
            <resultNameEnumName>COMMOM_TEST_INPUT</resultNameEnumName>
            <forceNewLine>false</forceNewLine>
          </resultDataOutput>
          <resultDataOutput>
            <iconEnumClass>com.cedrat.motor.motorcommon.resultmodel.data.enumerate.ResultIconEnum</iconEnumClass>
            <iconEnumName>TABLE</iconEnumName>
            <resultNameEnumClass>com.cedrat.motor.motorcommon.common.enumerate.result.ResultEnum</resultNameEnumClass>
            <resultNameEnumName>COMMON_TEST_SETTING</resultNameEnumName>
            <forceNewLine>false</forceNewLine>
          </resultDataOutput>
          <resultDataOutput>
            <iconEnumClass>com.cedrat.motor.motorcommon.resultmodel.data.enumerate.ResultIconEnum</iconEnumClass>
            <iconEnumName>TABLE</iconEnumName>
            <resultNameEnumClass>com.cedrat.motor.motorcommon.common.enumerate.result.ResultEnum</resultNameEnumClass>
            <resultNameEnumName>COMMON_TEST_WINDING_MAGNET</resultNameEnumName>
            <forceNewLine>true</forceNewLine>
          </resultDataOutput>
        </resultSectionsResults>
      </resultSections>
      <resultSections>
        <sectionTitle>Main results</sectionTitle>
        <resultSectionsResults>
          <resultDataOutput>
            <iconEnumClass>com.cedrat.motor.motorcommon.resultmodel.data.enumerate.ResultIconEnum</iconEnumClass>
            <iconEnumName>TABLE</iconEnumName>
            <resultNameEnumClass>com.cedrat.motor.motorcommon.common.enumerate.result.ResultEnum</resultNameEnumClass>
            <resultNameEnumName>DATASHEET_WORKING_POINT_DATA</resultNameEnumName>
            <forceNewLine>false</forceNewLine>
          </resultDataOutput>
          <resultDataOutput>
            <iconEnumClass>com.cedrat.motor.motorcommon.resultmodel.data.enumerate.ResultIconEnum</iconEnumClass>
            <iconEnumName>TABLE</iconEnumName>
            <resultNameEnumClass>com.cedrat.motor.motorcommon.common.enumerate.result.ResultEnum</resultNameEnumClass>
            <resultNameEnumName>DATASHEET_POWER_ELECTRONICS</resultNameEnumName>
            <forceNewLine>false</forceNewLine>
          </resultDataOutput>
          <resultDataOutput>
            <iconEnumClass>com.cedrat.motor.motorcommon.resultmodel.data.enumerate.ResultIconEnum</iconEnumClass>
            <iconEnumName>TABLE</iconEnumName>
            <resultNameEnumClass>com.cedrat.motor.motorcommon.common.enumerate.result.ResultEnum</resultNameEnumClass>
            <resultNameEnumName>DATASHEET_INDUCTANCE_DATA</resultNameEnumName>
            <forceNewLine>false</forceNewLine>
          </resultDataOutput>
          <resultDataOutput>
            <iconEnumClass>com.cedrat.motor.motorcommon.resultmodel.data.enumerate.ResultIconEnum</iconEnumClass>
            <iconEnumName>TABLE</iconEnumName>
            <resultNameEnumClass>com.cedrat.motor.motorcommon.common.enumerate.result.ResultEnum</resultNameEnumClass>
            <resultNameEnumName>DATASHEET_OPEN_CIRCUIT_DATA</resultNameEnumName>
            <forceNewLine>false</forceNewLine>
          </resultDataOutput>
          <resultDataOutput>
            <iconEnumClass>com.cedrat.motor.motorcommon.resultmodel.data.enumerate.ResultIconEnum</iconEnumClass>
            <iconEnumName>TABLE</iconEnumName>
            <resultNameEnumClass>com.cedrat.motor.motorcommon.common.enumerate.result.ResultEnum</resultNameEnumClass>
            <resultNameEnumName>DATASHEET_RIPPLE_TORQUE_DATA</resultNameEnumName>
            <forceNewLine>true</forceNewLine>
          </resultDataOutput>
        </resultSectionsResults>
      </resultSections>
      <resultSections>
        <sectionTitle>Curves</sectionTitle>
        <resultSectionsResults>
          <resultDataOutput>
            <iconEnumClass>com.cedrat.motor.motorcommon.resultmodel.data.enumerate.ResultIconEnum</iconEnumClass>
            <iconEnumName>CURVE</iconEnumName>
            <resultNameEnumClass>com.cedrat.motor.motorcommon.common.enumerate.result.ResultEnum</resultNameEnumClass>
            <resultNameEnumName>WORKING_POINT_RIPPLE_TORQUE_CURVE</resultNameEnumName>
            <forceNewLine>false</forceNewLine>
          </resultDataOutput>
          <resultDataOutput>
            <iconEnumClass>com.cedrat.motor.motorcommon.resultmodel.data.enumerate.ResultIconEnum</iconEnumClass>
            <iconEnumName>CURVE</iconEnumName>
            <resultNameEnumClass>com.cedrat.motor.motorcommon.common.enumerate.result.ResultEnum</resultNameEnumClass>
            <resultNameEnumName>WORKING_POINT_TORQUE_PSI_CURVE</resultNameEnumName>
            <forceNewLine>false</forceNewLine>
          </resultDataOutput>
          <resultDataOutput>
            <iconEnumClass>com.cedrat.motor.motorcommon.resultmodel.data.enumerate.ResultIconEnum</iconEnumClass>
            <iconEnumName>CURVE</iconEnumName>
            <resultNameEnumClass>com.cedrat.motor.motorcommon.common.enumerate.result.ResultEnum</resultNameEnumClass>
            <resultNameEnumName>BACKEMF_PHASE_VOLTAGE_CURVE</resultNameEnumName>
            <forceNewLine>false</forceNewLine>
          </resultDataOutput>
          <resultDataOutput>
            <iconEnumClass>com.cedrat.motor.motorcommon.resultmodel.data.enumerate.ResultIconEnum</iconEnumClass>
            <iconEnumName>CURVE</iconEnumName>
            <resultNameEnumClass>com.cedrat.motor.motorcommon.common.enumerate.result.ResultEnum</resultNameEnumClass>
            <resultNameEnumName>BACKEMF_LINE_VOLTAGE_CURVE</resultNameEnumName>
            <forceNewLine>false</forceNewLine>
          </resultDataOutput>
          <resultDataOutput>
            <iconEnumClass>com.cedrat.motor.motorcommon.resultmodel.data.enumerate.ResultIconEnum</iconEnumClass>
            <iconEnumName>CURVE</iconEnumName>
            <resultNameEnumClass>com.cedrat.motor.motorcommon.common.enumerate.result.ResultEnum</resultNameEnumClass>
            <resultNameEnumName>BACKEMF_FLUX_LINKAGE_CURVE</resultNameEnumName>
            <forceNewLine>false</forceNewLine>
          </resultDataOutput>
          <resultDataOutput>
            <iconEnumClass>com.cedrat.motor.motorcommon.resultmodel.data.enumerate.ResultIconEnum</iconEnumClass>
            <iconEnumName>CURVE</iconEnumName>
            <resultNameEnumClass>com.cedrat.motor.motorcommon.common.enumerate.result.ResultEnum</resultNameEnumClass>
            <resultNameEnumName>BACKEMF_AIRGAP_FLUX_DENSITY_CURVE</resultNameEnumName>
            <forceNewLine>true</forceNewLine>
          </resultDataOutput>
        </resultSectionsResults>
      </resultSections>
    </sections>
  </resultSheet>
  <resultSheet>
    <keyName>CHAR_MODEL_MAPS</keyName>
    <uuid>323ad709-5f0f-4360-8cd6-363fb88985fe</uuid>
    <typeClass>com.cedrat.motor.motorcommon.common.enumerate.test.TestTypeEnum</typeClass>
    <typeName>CHAR_MODEL_MAPS</typeName>
    <version>1.0</version>
    <sections>
      <resultSections>
        <sectionTitle>Configuration</sectionTitle>
        <resultSectionsResults>
          <resultDataOutput>
            <iconEnumClass>com.cedrat.motor.motorcommon.resultmodel.data.enumerate.ResultIconEnum</iconEnumClass>
            <iconEnumName>TABLE</iconEnumName>
            <resultNameEnumClass>com.cedrat.motor.motorcommon.common.enumerate.result.ResultEnum</resultNameEnumClass>
            <resultNameEnumName>COMMOM_TEST_INPUT</resultNameEnumName>
            <forceNewLine>false</forceNewLine>
          </resultDataOutput>
          <resultDataOutput>
            <iconEnumClass>com.cedrat.motor.motorcommon.resultmodel.data.enumerate.ResultIconEnum</iconEnumClass>
            <iconEnumName>TABLE</iconEnumName>
            <resultNameEnumClass>com.cedrat.motor.motorcommon.common.enumerate.result.ResultEnum</resultNameEnumClass>
            <resultNameEnumName>COMMON_TEST_SETTING</resultNameEnumName>
            <forceNewLine>false</forceNewLine>
          </resultDataOutput>
          <resultDataOutput>
            <iconEnumClass>com.cedrat.motor.motorcommon.resultmodel.data.enumerate.ResultIconEnum</iconEnumClass>
            <iconEnumName>TABLE</iconEnumName>
            <resultNameEnumClass>com.cedrat.motor.motorcommon.common.enumerate.result.ResultEnum</resultNameEnumClass>
            <resultNameEnumName>COMMON_TEST_WINDING_MAGNET</resultNameEnumName>
            <forceNewLine>true</forceNewLine>
          </resultDataOutput>
        </resultSectionsResults>
      </resultSections>
      <resultSections>
        <sectionTitle>Main results</sectionTitle>
        <resultSectionsResults>
          <resultDataOutput>
            <iconEnumClass>com.cedrat.motor.motorcommon.resultmodel.data.enumerate.ResultIconEnum</iconEnumClass>
            <iconEnumName>TABLE</iconEnumName>
            <resultNameEnumClass>com.cedrat.motor.motorcommon.common.enumerate.result.ResultEnum</resultNameEnumClass>
            <resultNameEnumName>INDUCTANCE_MAP_DATA</resultNameEnumName>
            <forceNewLine>true</forceNewLine>
          </resultDataOutput>
        </resultSectionsResults>
      </resultSections>
      <resultSections>
        <sectionTitle>Maps</sectionTitle>
        <resultSectionsResults>
          <resultDataOutput>
            <iconEnumClass>com.cedrat.motor.motorcommon.resultmodel.data.enumerate.ResultIconEnum</iconEnumClass>
            <iconEnumName>MAP</iconEnumName>
            <resultNameEnumClass>com.cedrat.motor.motorcommon.common.enumerate.result.ResultEnum</resultNameEnumClass>
            <resultNameEnumName>INDUCTANCE_MAP_FLUX_D_MAP</resultNameEnumName>
            <forceNewLine>false</forceNewLine>
          </resultDataOutput>
          <resultDataOutput>
            <iconEnumClass>com.cedrat.motor.motorcommon.resultmodel.data.enumerate.ResultIconEnum</iconEnumClass>
            <iconEnumName>MAP</iconEnumName>
            <resultNameEnumClass>com.cedrat.motor.motorcommon.common.enumerate.result.ResultEnum</resultNameEnumClass>
            <resultNameEnumName>INDUCTANCE_MAP_FLUX_Q_MAP</resultNameEnumName>
            <forceNewLine>false</forceNewLine>
          </resultDataOutput>
          <resultDataOutput>
            <iconEnumClass>com.cedrat.motor.motorcommon.resultmodel.data.enumerate.ResultIconEnum</iconEnumClass>
            <iconEnumName>MAP</iconEnumName>
            <resultNameEnumClass>com.cedrat.motor.motorcommon.common.enumerate.result.ResultEnum</resultNameEnumClass>
            <resultNameEnumName>INDUCTANCE_MAP_NDUCTANCE_D_MAP</resultNameEnumName>
            <forceNewLine>false</forceNewLine>
          </resultDataOutput>
          <resultDataOutput>
            <iconEnumClass>com.cedrat.motor.motorcommon.resultmodel.data.enumerate.ResultIconEnum</iconEnumClass>
            <iconEnumName>MAP</iconEnumName>
            <resultNameEnumClass>com.cedrat.motor.motorcommon.common.enumerate.result.ResultEnum</resultNameEnumClass>
            <resultNameEnumName>INDUCTANCE_MAP_UNDUCTANCE_Q_MAP</resultNameEnumName>
            <forceNewLine>false</forceNewLine>
          </resultDataOutput>
          <resultDataOutput>
            <iconEnumClass>com.cedrat.motor.motorcommon.resultmodel.data.enumerate.ResultIconEnum</iconEnumClass>
            <iconEnumName>MAP</iconEnumName>
            <resultNameEnumClass>com.cedrat.motor.motorcommon.common.enumerate.result.ResultEnum</resultNameEnumClass>
            <resultNameEnumName>INDUCTANCE_MAP_ELECTROMAG_TORQUE_MAP</resultNameEnumName>
            <forceNewLine>false</forceNewLine>
          </resultDataOutput>
          <resultDataOutput>
            <iconEnumClass>com.cedrat.motor.motorcommon.resultmodel.data.enumerate.ResultIconEnum</iconEnumClass>
            <iconEnumName>MAP</iconEnumName>
            <resultNameEnumClass>com.cedrat.motor.motorcommon.common.enumerate.result.ResultEnum</resultNameEnumClass>
            <resultNameEnumName>INDUCTANCE_MAP_IRON_LOSS_MAP</resultNameEnumName>
            <forceNewLine>false</forceNewLine>
          </resultDataOutput>
          <resultDataOutput>
            <iconEnumClass>com.cedrat.motor.motorcommon.resultmodel.data.enumerate.ResultIconEnum</iconEnumClass>
            <iconEnumName>MAP</iconEnumName>
            <resultNameEnumClass>com.cedrat.motor.motorcommon.common.enumerate.result.ResultEnum</resultNameEnumClass>
            <resultNameEnumName>INDUCTANCE_MAP_JOULE_LOSS_MAP</resultNameEnumName>
            <forceNewLine>false</forceNewLine>
          </resultDataOutput>
          <resultDataOutput>
            <iconEnumClass>com.cedrat.motor.motorcommon.resultmodel.data.enumerate.ResultIconEnum</iconEnumClass>
            <iconEnumName>MAP</iconEnumName>
            <resultNameEnumClass>com.cedrat.motor.motorcommon.common.enumerate.result.ResultEnum</resultNameEnumClass>
            <resultNameEnumName>INDUCTANCE_MAP_POWER_ELECTRONICS_LOSS_MAP</resultNameEnumName>
            <forceNewLine>false</forceNewLine>
          </resultDataOutput>
          <resultDataOutput>
            <iconEnumClass>com.cedrat.motor.motorcommon.resultmodel.data.enumerate.ResultIconEnum</iconEnumClass>
            <iconEnumName>MAP</iconEnumName>
            <resultNameEnumClass>com.cedrat.motor.motorcommon.common.enumerate.result.ResultEnum</resultNameEnumClass>
            <resultNameEnumName>INDUCTANCE_MAP_TOTAL_LOSS_MAP</resultNameEnumName>
            <forceNewLine>true</forceNewLine>
          </resultDataOutput>
        </resultSectionsResults>
      </resultSections>
      <resultSections>
        <sectionTitle>Curves</sectionTitle>
        <resultSectionsResults>
          <resultDataOutput>
            <iconEnumClass>com.cedrat.motor.motorcommon.resultmodel.data.enumerate.ResultIconEnum</iconEnumClass>
            <iconEnumName>CURVE</iconEnumName>
            <resultNameEnumClass>com.cedrat.motor.motorcommon.common.enumerate.result.ResultEnum</resultNameEnumClass>
            <resultNameEnumName>INDUCTANCE_MAP_MECH_LOSS_MAP</resultNameEnumName>
            <forceNewLine>true</forceNewLine>
          </resultDataOutput>
        </resultSectionsResults>
      </resultSections>
    </sections>
  </resultSheet>
  <resultSheet>
    <keyName>CHAR_OPENCIRCUIT_BACKEMF</keyName>
    <uuid>0368da1f-ec38-48aa-88ea-dee1ccabff60</uuid>
    <typeClass>com.cedrat.motor.motorcommon.common.enumerate.test.TestTypeEnum</typeClass>
    <typeName>CHAR_OPENCIRCUIT_BACKEMF</typeName>
    <version>1.0</version>
    <sections>
      <resultSections>
        <sectionTitle>Configuration</sectionTitle>
        <resultSectionsResults>
          <resultDataOutput>
            <iconEnumClass>com.cedrat.motor.motorcommon.resultmodel.data.enumerate.ResultIconEnum</iconEnumClass>
            <iconEnumName>TABLE</iconEnumName>
            <resultNameEnumClass>com.cedrat.motor.motorcommon.common.enumerate.result.ResultEnum</resultNameEnumClass>
            <resultNameEnumName>COMMOM_TEST_INPUT</resultNameEnumName>
            <forceNewLine>false</forceNewLine>
          </resultDataOutput>
          <resultDataOutput>
            <iconEnumClass>com.cedrat.motor.motorcommon.resultmodel.data.enumerate.ResultIconEnum</iconEnumClass>
            <iconEnumName>TABLE</iconEnumName>
            <resultNameEnumClass>com.cedrat.motor.motorcommon.common.enumerate.result.ResultEnum</resultNameEnumClass>
            <resultNameEnumName>COMMON_TEST_SETTING</resultNameEnumName>
            <forceNewLine>false</forceNewLine>
          </resultDataOutput>
          <resultDataOutput>
            <iconEnumClass>com.cedrat.motor.motorcommon.resultmodel.data.enumerate.ResultIconEnum</iconEnumClass>
            <iconEnumName>TABLE</iconEnumName>
            <resultNameEnumClass>com.cedrat.motor.motorcommon.common.enumerate.result.ResultEnum</resultNameEnumClass>
            <resultNameEnumName>COMMON_TEST_WINDING_MAGNET</resultNameEnumName>
            <forceNewLine>true</forceNewLine>
          </resultDataOutput>
        </resultSectionsResults>
      </resultSections>
      <resultSections>
        <sectionTitle>Main results</sectionTitle>
        <resultSectionsResults>
          <resultDataOutput>
            <iconEnumClass>com.cedrat.motor.motorcommon.resultmodel.data.enumerate.ResultIconEnum</iconEnumClass>
            <iconEnumName>TABLE</iconEnumName>
            <resultNameEnumClass>com.cedrat.motor.motorcommon.common.enumerate.result.ResultEnum</resultNameEnumClass>
            <resultNameEnumName>BACKEMF_DATA</resultNameEnumName>
            <forceNewLine>true</forceNewLine>
          </resultDataOutput>
        </resultSectionsResults>
      </resultSections>
      <resultSections>
        <sectionTitle>Graphs &amp; tables</sectionTitle>
        <resultSectionsResults>
          <resultDataOutput>
            <iconEnumClass>com.cedrat.motor.motorcommon.resultmodel.data.enumerate.ResultIconEnum</iconEnumClass>
            <iconEnumName>CURVE</iconEnumName>
            <resultNameEnumClass>com.cedrat.motor.motorcommon.common.enumerate.result.ResultEnum</resultNameEnumClass>
            <resultNameEnumName>BACKEMF_PHASE_VOLTAGE_CURVE</resultNameEnumName>
            <forceNewLine>false</forceNewLine>
          </resultDataOutput>
          <resultDataOutput>
            <iconEnumClass>com.cedrat.motor.motorcommon.resultmodel.data.enumerate.ResultIconEnum</iconEnumClass>
            <iconEnumName>HISTOGRAM</iconEnumName>
            <resultNameEnumClass>com.cedrat.motor.motorcommon.common.enumerate.result.ResultEnum</resultNameEnumClass>
            <resultNameEnumName>BACKEMF_PHASE_VOLTAGE_SPECTRUM</resultNameEnumName>
            <forceNewLine>false</forceNewLine>
          </resultDataOutput>
          <resultDataOutput>
            <iconEnumClass>com.cedrat.motor.motorcommon.resultmodel.data.enumerate.ResultIconEnum</iconEnumClass>
            <iconEnumName>CURVE_TABLE</iconEnumName>
            <resultNameEnumClass>com.cedrat.motor.motorcommon.common.enumerate.result.ResultEnum</resultNameEnumClass>
            <resultNameEnumName>BACKEMF_PHASE_VOLTAGE_HARMONIC_TABLE</resultNameEnumName>
            <forceNewLine>true</forceNewLine>
          </resultDataOutput>
          <resultDataOutput>
            <iconEnumClass>com.cedrat.motor.motorcommon.resultmodel.data.enumerate.ResultIconEnum</iconEnumClass>
            <iconEnumName>CURVE</iconEnumName>
            <resultNameEnumClass>com.cedrat.motor.motorcommon.common.enumerate.result.ResultEnum</resultNameEnumClass>
            <resultNameEnumName>BACKEMF_LINE_VOLTAGE_CURVE</resultNameEnumName>
            <forceNewLine>false</forceNewLine>
          </resultDataOutput>
          <resultDataOutput>
            <iconEnumClass>com.cedrat.motor.motorcommon.resultmodel.data.enumerate.ResultIconEnum</iconEnumClass>
            <iconEnumName>HISTOGRAM</iconEnumName>
            <resultNameEnumClass>com.cedrat.motor.motorcommon.common.enumerate.result.ResultEnum</resultNameEnumClass>
            <resultNameEnumName>BACKEMF_LINE_VOLTAGE_SPECTRUM</resultNameEnumName>
            <forceNewLine>false</forceNewLine>
          </resultDataOutput>
          <resultDataOutput>
            <iconEnumClass>com.cedrat.motor.motorcommon.resultmodel.data.enumerate.ResultIconEnum</iconEnumClass>
            <iconEnumName>CURVE_TABLE</iconEnumName>
            <resultNameEnumClass>com.cedrat.motor.motorcommon.common.enumerate.result.ResultEnum</resultNameEnumClass>
            <resultNameEnumName>BACKEMF_LINE_VOLTAGE_HARMONIC_TABLE</resultNameEnumName>
            <forceNewLine>true</forceNewLine>
          </resultDataOutput>
          <resultDataOutput>
            <iconEnumClass>com.cedrat.motor.motorcommon.resultmodel.data.enumerate.ResultIconEnum</iconEnumClass>
            <iconEnumName>CURVE</iconEnumName>
            <resultNameEnumClass>com.cedrat.motor.motorcommon.common.enumerate.result.ResultEnum</resultNameEnumClass>
            <resultNameEnumName>BACKEMF_AIRGAP_FLUX_DENSITY_CURVE</resultNameEnumName>
            <forceNewLine>false</forceNewLine>
          </resultDataOutput>
          <resultDataOutput>
            <iconEnumClass>com.cedrat.motor.motorcommon.resultmodel.data.enumerate.ResultIconEnum</iconEnumClass>
            <iconEnumName>HISTOGRAM</iconEnumName>
            <resultNameEnumClass>com.cedrat.motor.motorcommon.common.enumerate.result.ResultEnum</resultNameEnumClass>
            <resultNameEnumName>BACKEMF_AIRGAP_FLUX_DENSITY_SPECTRUM</resultNameEnumName>
            <forceNewLine>false</forceNewLine>
          </resultDataOutput>
          <resultDataOutput>
            <iconEnumClass>com.cedrat.motor.motorcommon.resultmodel.data.enumerate.ResultIconEnum</iconEnumClass>
            <iconEnumName>CURVE_TABLE</iconEnumName>
            <resultNameEnumClass>com.cedrat.motor.motorcommon.common.enumerate.result.ResultEnum</resultNameEnumClass>
            <resultNameEnumName>BACKEMF_AIRGAP_FLUX_DENSITY_HARMONIC_TABLE</resultNameEnumName>
            <forceNewLine>true</forceNewLine>
          </resultDataOutput>
          <resultDataOutput>
            <iconEnumClass>com.cedrat.motor.motorcommon.resultmodel.data.enumerate.ResultIconEnum</iconEnumClass>
            <iconEnumName>CURVE</iconEnumName>
            <resultNameEnumClass>com.cedrat.motor.motorcommon.common.enumerate.result.ResultEnum</resultNameEnumClass>
            <resultNameEnumName>BACKEMF_FLUX_LINKAGE_CURVE</resultNameEnumName>
            <forceNewLine>true</forceNewLine>
          </resultDataOutput>
        </resultSectionsResults>
      </resultSections>
      <resultSections>
        <sectionTitle>Graphic</sectionTitle>
        <resultSectionsResults>
          <resultDataOutput>
            <iconEnumClass>com.cedrat.motor.motorcommon.resultmodel.data.enumerate.ResultIconEnum</iconEnumClass>
            <iconEnumName>MAP</iconEnumName>
            <resultNameEnumClass>com.cedrat.motor.motorcommon.common.enumerate.result.ResultEnum</resultNameEnumClass>
            <resultNameEnumName>TEST_ISOVALUE</resultNameEnumName>
            <forceNewLine>true</forceNewLine>
          </resultDataOutput>
        </resultSectionsResults>
      </resultSections>
    </sections>
  </resultSheet>
  <resultSheet>
    <keyName>CHAR_OPENCIRCUIT_COGGING</keyName>
    <uuid>d67f603b-439c-4a65-9b33-51d761df5e9d</uuid>
    <typeClass>com.cedrat.motor.motorcommon.common.enumerate.test.TestTypeEnum</typeClass>
    <typeName>CHAR_OPENCIRCUIT_COGGING</typeName>
    <version>1.0</version>
    <sections>
      <resultSections>
        <sectionTitle>Configuration</sectionTitle>
        <resultSectionsResults>
          <resultDataOutput>
            <iconEnumClass>com.cedrat.motor.motorcommon.resultmodel.data.enumerate.ResultIconEnum</iconEnumClass>
            <iconEnumName>TABLE</iconEnumName>
            <resultNameEnumClass>com.cedrat.motor.motorcommon.common.enumerate.result.ResultEnum</resultNameEnumClass>
            <resultNameEnumName>COMMOM_TEST_INPUT</resultNameEnumName>
            <forceNewLine>false</forceNewLine>
          </resultDataOutput>
          <resultDataOutput>
            <iconEnumClass>com.cedrat.motor.motorcommon.resultmodel.data.enumerate.ResultIconEnum</iconEnumClass>
            <iconEnumName>TABLE</iconEnumName>
            <resultNameEnumClass>com.cedrat.motor.motorcommon.common.enumerate.result.ResultEnum</resultNameEnumClass>
            <resultNameEnumName>COMMON_TEST_SETTING</resultNameEnumName>
            <forceNewLine>false</forceNewLine>
          </resultDataOutput>
          <resultDataOutput>
            <iconEnumClass>com.cedrat.motor.motorcommon.resultmodel.data.enumerate.ResultIconEnum</iconEnumClass>
            <iconEnumName>TABLE</iconEnumName>
            <resultNameEnumClass>com.cedrat.motor.motorcommon.common.enumerate.result.ResultEnum</resultNameEnumClass>
            <resultNameEnumName>COMMON_TEST_MAGNET</resultNameEnumName>
            <forceNewLine>true</forceNewLine>
          </resultDataOutput>
        </resultSectionsResults>
      </resultSections>
      <resultSections>
        <sectionTitle>Main results</sectionTitle>
        <resultSectionsResults>
          <resultDataOutput>
            <iconEnumClass>com.cedrat.motor.motorcommon.resultmodel.data.enumerate.ResultIconEnum</iconEnumClass>
            <iconEnumName>TABLE</iconEnumName>
            <resultNameEnumClass>com.cedrat.motor.motorcommon.common.enumerate.result.ResultEnum</resultNameEnumClass>
            <resultNameEnumName>COGGING_TORQUE_MAGNETIC_FLUX</resultNameEnumName>
            <forceNewLine>false</forceNewLine>
          </resultDataOutput>
          <resultDataOutput>
            <iconEnumClass>com.cedrat.motor.motorcommon.resultmodel.data.enumerate.ResultIconEnum</iconEnumClass>
            <iconEnumName>TABLE</iconEnumName>
            <resultNameEnumClass>com.cedrat.motor.motorcommon.common.enumerate.result.ResultEnum</resultNameEnumClass>
            <resultNameEnumName>COGGING_TORQUE_DATA</resultNameEnumName>
            <forceNewLine>true</forceNewLine>
          </resultDataOutput>
        </resultSectionsResults>
      </resultSections>
      <resultSections>
        <sectionTitle>Graphs &amp; tables</sectionTitle>
        <resultSectionsResults>
          <resultDataOutput>
            <iconEnumClass>com.cedrat.motor.motorcommon.resultmodel.data.enumerate.ResultIconEnum</iconEnumClass>
            <iconEnumName>CURVE</iconEnumName>
            <resultNameEnumClass>com.cedrat.motor.motorcommon.common.enumerate.result.ResultEnum</resultNameEnumClass>
            <resultNameEnumName>COGGING_TORQUE_CURVE</resultNameEnumName>
            <forceNewLine>false</forceNewLine>
          </resultDataOutput>
          <resultDataOutput>
            <iconEnumClass>com.cedrat.motor.motorcommon.resultmodel.data.enumerate.ResultIconEnum</iconEnumClass>
            <iconEnumName>HISTOGRAM</iconEnumName>
            <resultNameEnumClass>com.cedrat.motor.motorcommon.common.enumerate.result.ResultEnum</resultNameEnumClass>
            <resultNameEnumName>COGGING_TORQUE_SPECTRUM</resultNameEnumName>
            <forceNewLine>false</forceNewLine>
          </resultDataOutput>
          <resultDataOutput>
            <iconEnumClass>com.cedrat.motor.motorcommon.resultmodel.data.enumerate.ResultIconEnum</iconEnumClass>
            <iconEnumName>CURVE_TABLE</iconEnumName>
            <resultNameEnumClass>com.cedrat.motor.motorcommon.common.enumerate.result.ResultEnum</resultNameEnumClass>
            <resultNameEnumName>COGGING_TORQUE_HARMONIC_TABLE</resultNameEnumName>
            <forceNewLine>true</forceNewLine>
          </resultDataOutput>
        </resultSectionsResults>
      </resultSections>
    </sections>
  </resultSheet>
  <resultSheet>
    <keyName>PERF_SINEWAVE_GENERATOR_EFFICIENCYMAP</keyName>
    <uuid>652597f6-6726-4948-b32f-c3542bf71040</uuid>
    <typeClass>com.cedrat.motor.motorcommon.common.enumerate.test.TestTypeEnum</typeClass>
    <typeName>PERF_SINEWAVE_GENERATOR_EFFICIENCYMAP</typeName>
    <version>1.0</version>
    <sections>
      <resultSections>
        <sectionTitle>Configuration</sectionTitle>
        <resultSectionsResults>
          <resultDataOutput>
            <iconEnumClass>com.cedrat.motor.motorcommon.resultmodel.data.enumerate.ResultIconEnum</iconEnumClass>
            <iconEnumName>TABLE</iconEnumName>
            <resultNameEnumClass>com.cedrat.motor.motorcommon.common.enumerate.result.ResultEnum</resultNameEnumClass>
            <resultNameEnumName>COMMOM_TEST_INPUT</resultNameEnumName>
            <forceNewLine>false</forceNewLine>
          </resultDataOutput>
          <resultDataOutput>
            <iconEnumClass>com.cedrat.motor.motorcommon.resultmodel.data.enumerate.ResultIconEnum</iconEnumClass>
            <iconEnumName>TABLE</iconEnumName>
            <resultNameEnumClass>com.cedrat.motor.motorcommon.common.enumerate.result.ResultEnum</resultNameEnumClass>
            <resultNameEnumName>COMMON_TEST_SETTING</resultNameEnumName>
            <forceNewLine>false</forceNewLine>
          </resultDataOutput>
          <resultDataOutput>
            <iconEnumClass>com.cedrat.motor.motorcommon.resultmodel.data.enumerate.ResultIconEnum</iconEnumClass>
            <iconEnumName>TABLE</iconEnumName>
            <resultNameEnumClass>com.cedrat.motor.motorcommon.common.enumerate.result.ResultEnum</resultNameEnumClass>
            <resultNameEnumName>COMMON_TEST_WINDING_MAGNET</resultNameEnumName>
            <forceNewLine>true</forceNewLine>
          </resultDataOutput>
        </resultSectionsResults>
      </resultSections>
      <resultSections>
        <sectionTitle>Main results</sectionTitle>
        <resultSectionsResults>
          <resultDataOutput>
            <iconEnumClass>com.cedrat.motor.motorcommon.resultmodel.data.enumerate.ResultIconEnum</iconEnumClass>
            <iconEnumName>TABLE</iconEnumName>
            <resultNameEnumClass>com.cedrat.motor.motorcommon.common.enumerate.result.ResultEnum</resultNameEnumClass>
            <resultNameEnumName>TORQUE_SPEED_CORNER_POINT</resultNameEnumName>
            <forceNewLine>false</forceNewLine>
          </resultDataOutput>
          <resultDataOutput>
            <iconEnumClass>com.cedrat.motor.motorcommon.resultmodel.data.enumerate.ResultIconEnum</iconEnumClass>
            <iconEnumName>TABLE</iconEnumName>
            <resultNameEnumClass>com.cedrat.motor.motorcommon.common.enumerate.result.ResultEnum</resultNameEnumClass>
            <resultNameEnumName>TORQUE_SPEED_MAXIMUM_POINT</resultNameEnumName>
            <forceNewLine>false</forceNewLine>
          </resultDataOutput>
          <resultDataOutput>
            <iconEnumClass>com.cedrat.motor.motorcommon.resultmodel.data.enumerate.ResultIconEnum</iconEnumClass>
            <iconEnumName>TABLE</iconEnumName>
            <resultNameEnumClass>com.cedrat.motor.motorcommon.common.enumerate.result.ResultEnum</resultNameEnumClass>
            <resultNameEnumName>TORQUE_SPEED_USER_WORKING_POINT</resultNameEnumName>
            <forceNewLine>false</forceNewLine>
          </resultDataOutput>
          <resultDataOutput>
            <iconEnumClass>com.cedrat.motor.motorcommon.resultmodel.data.enumerate.ResultIconEnum</iconEnumClass>
            <iconEnumName>TABLE</iconEnumName>
            <resultNameEnumClass>com.cedrat.motor.motorcommon.common.enumerate.result.ResultEnum</resultNameEnumClass>
            <resultNameEnumName>TORQUE_SPEED_DUTY_CYCLE_DATA</resultNameEnumName>
            <forceNewLine>true</forceNewLine>
          </resultDataOutput>
        </resultSectionsResults>
      </resultSections>
      <resultSections>
        <sectionTitle>Torque - Speed curves</sectionTitle>
        <resultSectionsResults>
          <resultDataOutput>
            <iconEnumClass>com.cedrat.motor.motorcommon.resultmodel.data.enumerate.ResultIconEnum</iconEnumClass>
            <iconEnumName>CURVE</iconEnumName>
            <resultNameEnumClass>com.cedrat.motor.motorcommon.common.enumerate.result.ResultEnum</resultNameEnumClass>
            <resultNameEnumName>TORQUE_SPEED_TORQUE_CURVE</resultNameEnumName>
            <forceNewLine>false</forceNewLine>
          </resultDataOutput>
          <resultDataOutput>
            <iconEnumClass>com.cedrat.motor.motorcommon.resultmodel.data.enumerate.ResultIconEnum</iconEnumClass>
            <iconEnumName>CURVE</iconEnumName>
            <resultNameEnumClass>com.cedrat.motor.motorcommon.common.enumerate.result.ResultEnum</resultNameEnumClass>
            <resultNameEnumName>TORQUE_SPEED_CURRENT_CURVE</resultNameEnumName>
            <forceNewLine>false</forceNewLine>
          </resultDataOutput>
          <resultDataOutput>
            <iconEnumClass>com.cedrat.motor.motorcommon.resultmodel.data.enumerate.ResultIconEnum</iconEnumClass>
            <iconEnumName>CURVE</iconEnumName>
            <resultNameEnumClass>com.cedrat.motor.motorcommon.common.enumerate.result.ResultEnum</resultNameEnumClass>
            <resultNameEnumName>TORQUE_SPEED_VOLTAGE_CURVE</resultNameEnumName>
            <forceNewLine>false</forceNewLine>
          </resultDataOutput>
          <resultDataOutput>
            <iconEnumClass>com.cedrat.motor.motorcommon.resultmodel.data.enumerate.ResultIconEnum</iconEnumClass>
            <iconEnumName>CURVE</iconEnumName>
            <resultNameEnumClass>com.cedrat.motor.motorcommon.common.enumerate.result.ResultEnum</resultNameEnumClass>
            <resultNameEnumName>TORQUE_SPEED_CONTROL_ANGLE_CURVE</resultNameEnumName>
            <forceNewLine>false</forceNewLine>
          </resultDataOutput>
          <resultDataOutput>
            <iconEnumClass>com.cedrat.motor.motorcommon.resultmodel.data.enumerate.ResultIconEnum</iconEnumClass>
            <iconEnumName>CURVE</iconEnumName>
            <resultNameEnumClass>com.cedrat.motor.motorcommon.common.enumerate.result.ResultEnum</resultNameEnumClass>
            <resultNameEnumName>TORQUE_SPEED_POWER_CURVE</resultNameEnumName>
            <forceNewLine>false</forceNewLine>
          </resultDataOutput>
          <resultDataOutput>
            <iconEnumClass>com.cedrat.motor.motorcommon.resultmodel.data.enumerate.ResultIconEnum</iconEnumClass>
            <iconEnumName>CURVE</iconEnumName>
            <resultNameEnumClass>com.cedrat.motor.motorcommon.common.enumerate.result.ResultEnum</resultNameEnumClass>
            <resultNameEnumName>TORQUE_SPEED_POWER_FACTOR_CURVE</resultNameEnumName>
            <forceNewLine>false</forceNewLine>
          </resultDataOutput>
          <resultDataOutput>
            <iconEnumClass>com.cedrat.motor.motorcommon.resultmodel.data.enumerate.ResultIconEnum</iconEnumClass>
            <iconEnumName>CURVE</iconEnumName>
            <resultNameEnumClass>com.cedrat.motor.motorcommon.common.enumerate.result.ResultEnum</resultNameEnumClass>
            <resultNameEnumName>TORQUE_SPEED_LOSS_CURVE</resultNameEnumName>
            <forceNewLine>true</forceNewLine>
          </resultDataOutput>
        </resultSectionsResults>
      </resultSections>
      <resultSections>
        <sectionTitle>Characteristic curves</sectionTitle>
        <resultSectionsResults>
          <resultDataOutput>
            <iconEnumClass>com.cedrat.motor.motorcommon.resultmodel.data.enumerate.ResultIconEnum</iconEnumClass>
            <iconEnumName>CURVE</iconEnumName>
            <resultNameEnumClass>com.cedrat.motor.motorcommon.common.enumerate.result.ResultEnum</resultNameEnumClass>
            <resultNameEnumName>TORQUE_SPEED_TORQUE_PSI_CURVE</resultNameEnumName>
            <forceNewLine>false</forceNewLine>
          </resultDataOutput>
          <resultDataOutput>
            <iconEnumClass>com.cedrat.motor.motorcommon.resultmodel.data.enumerate.ResultIconEnum</iconEnumClass>
            <iconEnumName>CURVE</iconEnumName>
            <resultNameEnumClass>com.cedrat.motor.motorcommon.common.enumerate.result.ResultEnum</resultNameEnumClass>
            <resultNameEnumName>TORQUE_SPEED_TORQUE_IDIQ_CURVE</resultNameEnumName>
            <forceNewLine>true</forceNewLine>
          </resultDataOutput>
        </resultSectionsResults>
      </resultSections>
      <resultSections>
        <sectionTitle>Torque - Speed maps</sectionTitle>
        <resultSectionsResults>
          <resultDataOutput>
            <iconEnumClass>com.cedrat.motor.motorcommon.resultmodel.data.enumerate.ResultIconEnum</iconEnumClass>
            <iconEnumName>MAP</iconEnumName>
            <resultNameEnumClass>com.cedrat.motor.motorcommon.common.enumerate.result.ResultEnum</resultNameEnumClass>
            <resultNameEnumName>TORQUE_SPEED_EFFICIENCY_MAP</resultNameEnumName>
            <forceNewLine>false</forceNewLine>
          </resultDataOutput>
          <resultDataOutput>
            <iconEnumClass>com.cedrat.motor.motorcommon.resultmodel.data.enumerate.ResultIconEnum</iconEnumClass>
            <iconEnumName>MAP</iconEnumName>
            <resultNameEnumClass>com.cedrat.motor.motorcommon.common.enumerate.result.ResultEnum</resultNameEnumClass>
            <resultNameEnumName>TORQUE_SPEED_CURRENT_MAP</resultNameEnumName>
            <forceNewLine>false</forceNewLine>
          </resultDataOutput>
          <resultDataOutput>
            <iconEnumClass>com.cedrat.motor.motorcommon.resultmodel.data.enumerate.ResultIconEnum</iconEnumClass>
            <iconEnumName>MAP</iconEnumName>
            <resultNameEnumClass>com.cedrat.motor.motorcommon.common.enumerate.result.ResultEnum</resultNameEnumClass>
            <resultNameEnumName>TORQUE_SPEED_VOLTAGE_MAP</resultNameEnumName>
            <forceNewLine>false</forceNewLine>
          </resultDataOutput>
          <resultDataOutput>
            <iconEnumClass>com.cedrat.motor.motorcommon.resultmodel.data.enumerate.ResultIconEnum</iconEnumClass>
            <iconEnumName>MAP</iconEnumName>
            <resultNameEnumClass>com.cedrat.motor.motorcommon.common.enumerate.result.ResultEnum</resultNameEnumClass>
            <resultNameEnumName>TORQUE_SPEED_CONTROL_ANGLE_MAP</resultNameEnumName>
            <forceNewLine>false</forceNewLine>
          </resultDataOutput>
          <resultDataOutput>
            <iconEnumClass>com.cedrat.motor.motorcommon.resultmodel.data.enumerate.ResultIconEnum</iconEnumClass>
            <iconEnumName>MAP</iconEnumName>
            <resultNameEnumClass>com.cedrat.motor.motorcommon.common.enumerate.result.ResultEnum</resultNameEnumClass>
            <resultNameEnumName>TORQUE_SPEED_POWER_MAP</resultNameEnumName>
            <forceNewLine>false</forceNewLine>
          </resultDataOutput>
          <resultDataOutput>
            <iconEnumClass>com.cedrat.motor.motorcommon.resultmodel.data.enumerate.ResultIconEnum</iconEnumClass>
            <iconEnumName>MAP</iconEnumName>
            <resultNameEnumClass>com.cedrat.motor.motorcommon.common.enumerate.result.ResultEnum</resultNameEnumClass>
            <resultNameEnumName>TORQUE_SPEED_POWER_FACTOR_MAP</resultNameEnumName>
            <forceNewLine>false</forceNewLine>
          </resultDataOutput>
          <resultDataOutput>
            <iconEnumClass>com.cedrat.motor.motorcommon.resultmodel.data.enumerate.ResultIconEnum</iconEnumClass>
            <iconEnumName>MAP</iconEnumName>
            <resultNameEnumClass>com.cedrat.motor.motorcommon.common.enumerate.result.ResultEnum</resultNameEnumClass>
            <resultNameEnumName>TORQUE_SPEED_LOSS_MAP</resultNameEnumName>
            <forceNewLine>true</forceNewLine>
          </resultDataOutput>
        </resultSectionsResults>
      </resultSections>
      <resultSections>
        <sectionTitle>Duty cycle curves</sectionTitle>
        <resultSectionsResults>
          <resultDataOutput>
            <iconEnumClass>com.cedrat.motor.motorcommon.resultmodel.data.enumerate.ResultIconEnum</iconEnumClass>
            <iconEnumName>CURVE</iconEnumName>
            <resultNameEnumClass>com.cedrat.motor.motorcommon.common.enumerate.result.ResultEnum</resultNameEnumClass>
            <resultNameEnumName>TORQUE_SPEED_SPEED_DUTY_CYCLE_CURVE</resultNameEnumName>
            <forceNewLine>false</forceNewLine>
          </resultDataOutput>
          <resultDataOutput>
            <iconEnumClass>com.cedrat.motor.motorcommon.resultmodel.data.enumerate.ResultIconEnum</iconEnumClass>
            <iconEnumName>CURVE</iconEnumName>
            <resultNameEnumClass>com.cedrat.motor.motorcommon.common.enumerate.result.ResultEnum</resultNameEnumClass>
            <resultNameEnumName>TORQUE_SPEED_EFFICIENCY_DUTY_CYCLE_CURVE</resultNameEnumName>
            <forceNewLine>false</forceNewLine>
          </resultDataOutput>
          <resultDataOutput>
            <iconEnumClass>com.cedrat.motor.motorcommon.resultmodel.data.enumerate.ResultIconEnum</iconEnumClass>
            <iconEnumName>CURVE</iconEnumName>
            <resultNameEnumClass>com.cedrat.motor.motorcommon.common.enumerate.result.ResultEnum</resultNameEnumClass>
            <resultNameEnumName>TORQUE_SPEED_TORQUE_DUTY_CYCLE_CURVE</resultNameEnumName>
            <forceNewLine>false</forceNewLine>
          </resultDataOutput>
          <resultDataOutput>
            <iconEnumClass>com.cedrat.motor.motorcommon.resultmodel.data.enumerate.ResultIconEnum</iconEnumClass>
            <iconEnumName>CURVE</iconEnumName>
            <resultNameEnumClass>com.cedrat.motor.motorcommon.common.enumerate.result.ResultEnum</resultNameEnumClass>
            <resultNameEnumName>TORQUE_SPEED_CURRENT_DUTY_CYCLE_CURVE</resultNameEnumName>
            <forceNewLine>false</forceNewLine>
          </resultDataOutput>
          <resultDataOutput>
            <iconEnumClass>com.cedrat.motor.motorcommon.resultmodel.data.enumerate.ResultIconEnum</iconEnumClass>
            <iconEnumName>CURVE</iconEnumName>
            <resultNameEnumClass>com.cedrat.motor.motorcommon.common.enumerate.result.ResultEnum</resultNameEnumClass>
            <resultNameEnumName>TORQUE_SPEED_VOLTAGE_DUTY_CYCLE_CURVE</resultNameEnumName>
            <forceNewLine>false</forceNewLine>
          </resultDataOutput>
          <resultDataOutput>
            <iconEnumClass>com.cedrat.motor.motorcommon.resultmodel.data.enumerate.ResultIconEnum</iconEnumClass>
            <iconEnumName>CURVE</iconEnumName>
            <resultNameEnumClass>com.cedrat.motor.motorcommon.common.enumerate.result.ResultEnum</resultNameEnumClass>
            <resultNameEnumName>TORQUE_SPEED_CONTROL_ANGLE_DUTY_CYCLE_CURVE</resultNameEnumName>
            <forceNewLine>false</forceNewLine>
          </resultDataOutput>
          <resultDataOutput>
            <iconEnumClass>com.cedrat.motor.motorcommon.resultmodel.data.enumerate.ResultIconEnum</iconEnumClass>
            <iconEnumName>CURVE</iconEnumName>
            <resultNameEnumClass>com.cedrat.motor.motorcommon.common.enumerate.result.ResultEnum</resultNameEnumClass>
            <resultNameEnumName>TORQUE_SPEED_POWER_DUTY_CYCLE_CURVE</resultNameEnumName>
            <forceNewLine>false</forceNewLine>
          </resultDataOutput>
          <resultDataOutput>
            <iconEnumClass>com.cedrat.motor.motorcommon.resultmodel.data.enumerate.ResultIconEnum</iconEnumClass>
            <iconEnumName>CURVE</iconEnumName>
            <resultNameEnumClass>com.cedrat.motor.motorcommon.common.enumerate.result.ResultEnum</resultNameEnumClass>
            <resultNameEnumName>TORQUE_SPEED_POWER_FACTOR_DUTY_CYCLE_CURVE</resultNameEnumName>
            <forceNewLine>false</forceNewLine>
          </resultDataOutput>
          <resultDataOutput>
            <iconEnumClass>com.cedrat.motor.motorcommon.resultmodel.data.enumerate.ResultIconEnum</iconEnumClass>
            <iconEnumName>CURVE</iconEnumName>
            <resultNameEnumClass>com.cedrat.motor.motorcommon.common.enumerate.result.ResultEnum</resultNameEnumClass>
            <resultNameEnumName>TORQUE_SPEED_LOSS_DUTY_CYCLE_CURVE</resultNameEnumName>
            <forceNewLine>true</forceNewLine>
          </resultDataOutput>
        </resultSectionsResults>
      </resultSections>
    </sections>
  </resultSheet>
  <resultSheet>
    <keyName>STAT_SINEWAVE_TORQUESPEED</keyName>
    <uuid>c5350cea-1482-4f14-950a-3142b76438e9</uuid>
    <typeClass>com.cedrat.motor.motorcommon.common.enumerate.test.TestTypeEnum</typeClass>
    <typeName>STAT_SINEWAVE_TORQUESPEED</typeName>
    <version>1.0</version>
    <sections>
      <resultSections>
        <sectionTitle>Configuration</sectionTitle>
        <resultSectionsResults>
          <resultDataOutput>
            <iconEnumClass>com.cedrat.motor.motorcommon.resultmodel.data.enumerate.ResultIconEnum</iconEnumClass>
            <iconEnumName>TABLE</iconEnumName>
            <resultNameEnumClass>com.cedrat.motor.motorcommon.common.enumerate.result.ResultEnum</resultNameEnumClass>
            <resultNameEnumName>COMMOM_TEST_INPUT</resultNameEnumName>
            <forceNewLine>false</forceNewLine>
          </resultDataOutput>
          <resultDataOutput>
            <iconEnumClass>com.cedrat.motor.motorcommon.resultmodel.data.enumerate.ResultIconEnum</iconEnumClass>
            <iconEnumName>TABLE</iconEnumName>
            <resultNameEnumClass>com.cedrat.motor.motorcommon.common.enumerate.result.ResultEnum</resultNameEnumClass>
            <resultNameEnumName>COMMON_TEST_SETTING</resultNameEnumName>
            <forceNewLine>false</forceNewLine>
          </resultDataOutput>
          <resultDataOutput>
            <iconEnumClass>com.cedrat.motor.motorcommon.resultmodel.data.enumerate.ResultIconEnum</iconEnumClass>
            <iconEnumName>TABLE</iconEnumName>
            <resultNameEnumClass>com.cedrat.motor.motorcommon.common.enumerate.result.ResultEnum</resultNameEnumClass>
            <resultNameEnumName>COMMON_TEST_WINDING_MAGNET</resultNameEnumName>
            <forceNewLine>true</forceNewLine>
          </resultDataOutput>
        </resultSectionsResults>
      </resultSections>
      <resultSections>
        <sectionTitle>Main results</sectionTitle>
        <resultSectionsResults>
          <resultDataOutput>
            <iconEnumClass>com.cedrat.motor.motorcommon.resultmodel.data.enumerate.ResultIconEnum</iconEnumClass>
            <iconEnumName>TABLE</iconEnumName>
            <resultNameEnumClass>com.cedrat.motor.motorcommon.common.enumerate.result.ResultEnum</resultNameEnumClass>
            <resultNameEnumName>TORQUE_SPEED_BASE_POINT</resultNameEnumName>
            <forceNewLine>false</forceNewLine>
          </resultDataOutput>
          <resultDataOutput>
            <iconEnumClass>com.cedrat.motor.motorcommon.resultmodel.data.enumerate.ResultIconEnum</iconEnumClass>
            <iconEnumName>TABLE</iconEnumName>
            <resultNameEnumClass>com.cedrat.motor.motorcommon.common.enumerate.result.ResultEnum</resultNameEnumClass>
            <resultNameEnumName>TORQUE_SPEED_MAXIMUM_POINT</resultNameEnumName>
            <forceNewLine>false</forceNewLine>
          </resultDataOutput>
          <resultDataOutput>
            <iconEnumClass>com.cedrat.motor.motorcommon.resultmodel.data.enumerate.ResultIconEnum</iconEnumClass>
            <iconEnumName>TABLE</iconEnumName>
            <resultNameEnumClass>com.cedrat.motor.motorcommon.common.enumerate.result.ResultEnum</resultNameEnumClass>
            <resultNameEnumName>TORQUE_SPEED_USER_WORKING_POINT</resultNameEnumName>
            <forceNewLine>false</forceNewLine>
          </resultDataOutput>
          <resultDataOutput>
            <iconEnumClass>com.cedrat.motor.motorcommon.resultmodel.data.enumerate.ResultIconEnum</iconEnumClass>
            <iconEnumName>TABLE</iconEnumName>
            <resultNameEnumClass>com.cedrat.motor.motorcommon.common.enumerate.result.ResultEnum</resultNameEnumClass>
            <resultNameEnumName>TORQUE_SPEED_DUTY_CYCLE_DATA</resultNameEnumName>
            <forceNewLine>false</forceNewLine>
          </resultDataOutput>
          <resultDataOutput>
            <iconEnumClass>com.cedrat.motor.motorcommon.resultmodel.data.enumerate.ResultIconEnum</iconEnumClass>
            <iconEnumName>TABLE</iconEnumName>
            <resultNameEnumClass>com.cedrat.motor.motorcommon.common.enumerate.result.ResultEnum</resultNameEnumClass>
            <resultNameEnumName>TORQUE_SPEED_POWER_ELECTRONICS</resultNameEnumName>
            <forceNewLine>true</forceNewLine>
          </resultDataOutput>
        </resultSectionsResults>
      </resultSections>
      <resultSections>
        <sectionTitle>Torque - Speed curves</sectionTitle>
        <resultSectionsResults>
          <resultDataOutput>
            <iconEnumClass>com.cedrat.motor.motorcommon.resultmodel.data.enumerate.ResultIconEnum</iconEnumClass>
            <iconEnumName>CURVE</iconEnumName>
            <resultNameEnumClass>com.cedrat.motor.motorcommon.common.enumerate.result.ResultEnum</resultNameEnumClass>
            <resultNameEnumName>TORQUE_SPEED_TORQUE_CURVE</resultNameEnumName>
            <forceNewLine>false</forceNewLine>
          </resultDataOutput>
          <resultDataOutput>
            <iconEnumClass>com.cedrat.motor.motorcommon.resultmodel.data.enumerate.ResultIconEnum</iconEnumClass>
            <iconEnumName>CURVE</iconEnumName>
            <resultNameEnumClass>com.cedrat.motor.motorcommon.common.enumerate.result.ResultEnum</resultNameEnumClass>
            <resultNameEnumName>TORQUE_SPEED_CURRENT_CURVE</resultNameEnumName>
            <forceNewLine>false</forceNewLine>
          </resultDataOutput>
          <resultDataOutput>
            <iconEnumClass>com.cedrat.motor.motorcommon.resultmodel.data.enumerate.ResultIconEnum</iconEnumClass>
            <iconEnumName>CURVE</iconEnumName>
            <resultNameEnumClass>com.cedrat.motor.motorcommon.common.enumerate.result.ResultEnum</resultNameEnumClass>
            <resultNameEnumName>TORQUE_SPEED_VOLTAGE_CURVE</resultNameEnumName>
            <forceNewLine>false</forceNewLine>
          </resultDataOutput>
          <resultDataOutput>
            <iconEnumClass>com.cedrat.motor.motorcommon.resultmodel.data.enumerate.ResultIconEnum</iconEnumClass>
            <iconEnumName>CURVE</iconEnumName>
            <resultNameEnumClass>com.cedrat.motor.motorcommon.common.enumerate.result.ResultEnum</resultNameEnumClass>
            <resultNameEnumName>TORQUE_SPEED_CONTROL_ANGLE_CURVE</resultNameEnumName>
            <forceNewLine>false</forceNewLine>
          </resultDataOutput>
          <resultDataOutput>
            <iconEnumClass>com.cedrat.motor.motorcommon.resultmodel.data.enumerate.ResultIconEnum</iconEnumClass>
            <iconEnumName>CURVE</iconEnumName>
            <resultNameEnumClass>com.cedrat.motor.motorcommon.common.enumerate.result.ResultEnum</resultNameEnumClass>
            <resultNameEnumName>TORQUE_SPEED_POWER_CURVE</resultNameEnumName>
            <forceNewLine>false</forceNewLine>
          </resultDataOutput>
          <resultDataOutput>
            <iconEnumClass>com.cedrat.motor.motorcommon.resultmodel.data.enumerate.ResultIconEnum</iconEnumClass>
            <iconEnumName>CURVE</iconEnumName>
            <resultNameEnumClass>com.cedrat.motor.motorcommon.common.enumerate.result.ResultEnum</resultNameEnumClass>
            <resultNameEnumName>TORQUE_SPEED_POWER_FACTOR_CURVE</resultNameEnumName>
            <forceNewLine>false</forceNewLine>
          </resultDataOutput>
          <resultDataOutput>
            <iconEnumClass>com.cedrat.motor.motorcommon.resultmodel.data.enumerate.ResultIconEnum</iconEnumClass>
            <iconEnumName>CURVE</iconEnumName>
            <resultNameEnumClass>com.cedrat.motor.motorcommon.common.enumerate.result.ResultEnum</resultNameEnumClass>
            <resultNameEnumName>TORQUE_SPEED_LOSS_CURVE</resultNameEnumName>
            <forceNewLine>true</forceNewLine>
          </resultDataOutput>
        </resultSectionsResults>
      </resultSections>
      <resultSections>
        <sectionTitle>Characteristic curves</sectionTitle>
        <resultSectionsResults>
          <resultDataOutput>
            <iconEnumClass>com.cedrat.motor.motorcommon.resultmodel.data.enumerate.ResultIconEnum</iconEnumClass>
            <iconEnumName>CURVE</iconEnumName>
            <resultNameEnumClass>com.cedrat.motor.motorcommon.common.enumerate.result.ResultEnum</resultNameEnumClass>
            <resultNameEnumName>TORQUE_SPEED_TORQUE_PSI_CURVE</resultNameEnumName>
            <forceNewLine>false</forceNewLine>
          </resultDataOutput>
          <resultDataOutput>
            <iconEnumClass>com.cedrat.motor.motorcommon.resultmodel.data.enumerate.ResultIconEnum</iconEnumClass>
            <iconEnumName>CURVE</iconEnumName>
            <resultNameEnumClass>com.cedrat.motor.motorcommon.common.enumerate.result.ResultEnum</resultNameEnumClass>
            <resultNameEnumName>TORQUE_SPEED_TORQUE_IDIQ_CURVE</resultNameEnumName>
            <forceNewLine>true</forceNewLine>
          </resultDataOutput>
        </resultSectionsResults>
      </resultSections>
      <resultSections>
        <sectionTitle>Torque - Speed maps</sectionTitle>
        <resultSectionsResults>
          <resultDataOutput>
            <iconEnumClass>com.cedrat.motor.motorcommon.resultmodel.data.enumerate.ResultIconEnum</iconEnumClass>
            <iconEnumName>MAP</iconEnumName>
            <resultNameEnumClass>com.cedrat.motor.motorcommon.common.enumerate.result.ResultEnum</resultNameEnumClass>
            <resultNameEnumName>TORQUE_SPEED_EFFICIENCY_MAP</resultNameEnumName>
            <forceNewLine>false</forceNewLine>
          </resultDataOutput>
          <resultDataOutput>
            <iconEnumClass>com.cedrat.motor.motorcommon.resultmodel.data.enumerate.ResultIconEnum</iconEnumClass>
            <iconEnumName>MAP</iconEnumName>
            <resultNameEnumClass>com.cedrat.motor.motorcommon.common.enumerate.result.ResultEnum</resultNameEnumClass>
            <resultNameEnumName>TORQUE_SPEED_CURRENT_MAP</resultNameEnumName>
            <forceNewLine>false</forceNewLine>
          </resultDataOutput>
          <resultDataOutput>
            <iconEnumClass>com.cedrat.motor.motorcommon.resultmodel.data.enumerate.ResultIconEnum</iconEnumClass>
            <iconEnumName>MAP</iconEnumName>
            <resultNameEnumClass>com.cedrat.motor.motorcommon.common.enumerate.result.ResultEnum</resultNameEnumClass>
            <resultNameEnumName>TORQUE_SPEED_VOLTAGE_MAP</resultNameEnumName>
            <forceNewLine>false</forceNewLine>
          </resultDataOutput>
          <resultDataOutput>
            <iconEnumClass>com.cedrat.motor.motorcommon.resultmodel.data.enumerate.ResultIconEnum</iconEnumClass>
            <iconEnumName>MAP</iconEnumName>
            <resultNameEnumClass>com.cedrat.motor.motorcommon.common.enumerate.result.ResultEnum</resultNameEnumClass>
            <resultNameEnumName>TORQUE_SPEED_CONTROL_ANGLE_MAP</resultNameEnumName>
            <forceNewLine>false</forceNewLine>
          </resultDataOutput>
          <resultDataOutput>
            <iconEnumClass>com.cedrat.motor.motorcommon.resultmodel.data.enumerate.ResultIconEnum</iconEnumClass>
            <iconEnumName>MAP</iconEnumName>
            <resultNameEnumClass>com.cedrat.motor.motorcommon.common.enumerate.result.ResultEnum</resultNameEnumClass>
            <resultNameEnumName>TORQUE_SPEED_POWER_MAP</resultNameEnumName>
            <forceNewLine>false</forceNewLine>
          </resultDataOutput>
          <resultDataOutput>
            <iconEnumClass>com.cedrat.motor.motorcommon.resultmodel.data.enumerate.ResultIconEnum</iconEnumClass>
            <iconEnumName>MAP</iconEnumName>
            <resultNameEnumClass>com.cedrat.motor.motorcommon.common.enumerate.result.ResultEnum</resultNameEnumClass>
            <resultNameEnumName>TORQUE_SPEED_POWER_FACTOR_MAP</resultNameEnumName>
            <forceNewLine>false</forceNewLine>
          </resultDataOutput>
          <resultDataOutput>
            <iconEnumClass>com.cedrat.motor.motorcommon.resultmodel.data.enumerate.ResultIconEnum</iconEnumClass>
            <iconEnumName>MAP</iconEnumName>
            <resultNameEnumClass>com.cedrat.motor.motorcommon.common.enumerate.result.ResultEnum</resultNameEnumClass>
            <resultNameEnumName>TORQUE_SPEED_LOSS_MAP</resultNameEnumName>
            <forceNewLine>true</forceNewLine>
          </resultDataOutput>
        </resultSectionsResults>
      </resultSections>
      <resultSections>
        <sectionTitle>Duty cycle curves</sectionTitle>
        <resultSectionsResults>
          <resultDataOutput>
            <iconEnumClass>com.cedrat.motor.motorcommon.resultmodel.data.enumerate.ResultIconEnum</iconEnumClass>
            <iconEnumName>CURVE</iconEnumName>
            <resultNameEnumClass>com.cedrat.motor.motorcommon.common.enumerate.result.ResultEnum</resultNameEnumClass>
            <resultNameEnumName>TORQUE_SPEED_SPEED_DUTY_CYCLE_CURVE</resultNameEnumName>
            <forceNewLine>false</forceNewLine>
          </resultDataOutput>
          <resultDataOutput>
            <iconEnumClass>com.cedrat.motor.motorcommon.resultmodel.data.enumerate.ResultIconEnum</iconEnumClass>
            <iconEnumName>CURVE</iconEnumName>
            <resultNameEnumClass>com.cedrat.motor.motorcommon.common.enumerate.result.ResultEnum</resultNameEnumClass>
            <resultNameEnumName>TORQUE_SPEED_EFFICIENCY_DUTY_CYCLE_CURVE</resultNameEnumName>
            <forceNewLine>false</forceNewLine>
          </resultDataOutput>
          <resultDataOutput>
            <iconEnumClass>com.cedrat.motor.motorcommon.resultmodel.data.enumerate.ResultIconEnum</iconEnumClass>
            <iconEnumName>CURVE</iconEnumName>
            <resultNameEnumClass>com.cedrat.motor.motorcommon.common.enumerate.result.ResultEnum</resultNameEnumClass>
            <resultNameEnumName>TORQUE_SPEED_TORQUE_DUTY_CYCLE_CURVE</resultNameEnumName>
            <forceNewLine>false</forceNewLine>
          </resultDataOutput>
          <resultDataOutput>
            <iconEnumClass>com.cedrat.motor.motorcommon.resultmodel.data.enumerate.ResultIconEnum</iconEnumClass>
            <iconEnumName>CURVE</iconEnumName>
            <resultNameEnumClass>com.cedrat.motor.motorcommon.common.enumerate.result.ResultEnum</resultNameEnumClass>
            <resultNameEnumName>TORQUE_SPEED_CURRENT_DUTY_CYCLE_CURVE</resultNameEnumName>
            <forceNewLine>false</forceNewLine>
          </resultDataOutput>
          <resultDataOutput>
            <iconEnumClass>com.cedrat.motor.motorcommon.resultmodel.data.enumerate.ResultIconEnum</iconEnumClass>
            <iconEnumName>CURVE</iconEnumName>
            <resultNameEnumClass>com.cedrat.motor.motorcommon.common.enumerate.result.ResultEnum</resultNameEnumClass>
            <resultNameEnumName>TORQUE_SPEED_VOLTAGE_DUTY_CYCLE_CURVE</resultNameEnumName>
            <forceNewLine>false</forceNewLine>
          </resultDataOutput>
          <resultDataOutput>
            <iconEnumClass>com.cedrat.motor.motorcommon.resultmodel.data.enumerate.ResultIconEnum</iconEnumClass>
            <iconEnumName>CURVE</iconEnumName>
            <resultNameEnumClass>com.cedrat.motor.motorcommon.common.enumerate.result.ResultEnum</resultNameEnumClass>
            <resultNameEnumName>TORQUE_SPEED_CONTROL_ANGLE_DUTY_CYCLE_CURVE</resultNameEnumName>
            <forceNewLine>false</forceNewLine>
          </resultDataOutput>
          <resultDataOutput>
            <iconEnumClass>com.cedrat.motor.motorcommon.resultmodel.data.enumerate.ResultIconEnum</iconEnumClass>
            <iconEnumName>CURVE</iconEnumName>
            <resultNameEnumClass>com.cedrat.motor.motorcommon.common.enumerate.result.ResultEnum</resultNameEnumClass>
            <resultNameEnumName>TORQUE_SPEED_POWER_DUTY_CYCLE_CURVE</resultNameEnumName>
            <forceNewLine>false</forceNewLine>
          </resultDataOutput>
          <resultDataOutput>
            <iconEnumClass>com.cedrat.motor.motorcommon.resultmodel.data.enumerate.ResultIconEnum</iconEnumClass>
            <iconEnumName>CURVE</iconEnumName>
            <resultNameEnumClass>com.cedrat.motor.motorcommon.common.enumerate.result.ResultEnum</resultNameEnumClass>
            <resultNameEnumName>TORQUE_SPEED_POWER_FACTOR_DUTY_CYCLE_CURVE</resultNameEnumName>
            <forceNewLine>false</forceNewLine>
          </resultDataOutput>
          <resultDataOutput>
            <iconEnumClass>com.cedrat.motor.motorcommon.resultmodel.data.enumerate.ResultIconEnum</iconEnumClass>
            <iconEnumName>CURVE</iconEnumName>
            <resultNameEnumClass>com.cedrat.motor.motorcommon.common.enumerate.result.ResultEnum</resultNameEnumClass>
            <resultNameEnumName>TORQUE_SPEED_LOSS_DUTY_CYCLE_CURVE</resultNameEnumName>
            <forceNewLine>true</forceNewLine>
          </resultDataOutput>
        </resultSectionsResults>
      </resultSections>
    </sections>
  </resultSheet>
  <resultSheet>
    <keyName>WP_SINE_MOT_CURRENTPSISPEED</keyName>
    <uuid>1a9712c8-39fd-4587-b5e6-badd28784913</uuid>
    <typeClass>com.cedrat.motor.motorcommon.common.enumerate.test.TestTypeEnum</typeClass>
    <typeName>WP_SINE_MOT_CURRENTPSISPEED</typeName>
    <version>1.0</version>
    <sections>
      <resultSections>
        <sectionTitle>Configuration</sectionTitle>
        <resultSectionsResults>
          <resultDataOutput>
            <iconEnumClass>com.cedrat.motor.motorcommon.resultmodel.data.enumerate.ResultIconEnum</iconEnumClass>
            <iconEnumName>TABLE</iconEnumName>
            <resultNameEnumClass>com.cedrat.motor.motorcommon.common.enumerate.result.ResultEnum</resultNameEnumClass>
            <resultNameEnumName>COMMOM_TEST_INPUT</resultNameEnumName>
            <forceNewLine>false</forceNewLine>
          </resultDataOutput>
          <resultDataOutput>
            <iconEnumClass>com.cedrat.motor.motorcommon.resultmodel.data.enumerate.ResultIconEnum</iconEnumClass>
            <iconEnumName>TABLE</iconEnumName>
            <resultNameEnumClass>com.cedrat.motor.motorcommon.common.enumerate.result.ResultEnum</resultNameEnumClass>
            <resultNameEnumName>COMMON_TEST_SETTING</resultNameEnumName>
            <forceNewLine>false</forceNewLine>
          </resultDataOutput>
          <resultDataOutput>
            <iconEnumClass>com.cedrat.motor.motorcommon.resultmodel.data.enumerate.ResultIconEnum</iconEnumClass>
            <iconEnumName>TABLE</iconEnumName>
            <resultNameEnumClass>com.cedrat.motor.motorcommon.common.enumerate.result.ResultEnum</resultNameEnumClass>
            <resultNameEnumName>COMMON_TEST_WINDING_MAGNET</resultNameEnumName>
            <forceNewLine>true</forceNewLine>
          </resultDataOutput>
        </resultSectionsResults>
      </resultSections>
      <resultSections>
        <sectionTitle>Main results</sectionTitle>
        <resultSectionsResults>
          <resultDataOutput>
            <iconEnumClass>com.cedrat.motor.motorcommon.resultmodel.data.enumerate.ResultIconEnum</iconEnumClass>
            <iconEnumName>TABLE</iconEnumName>
            <resultNameEnumClass>com.cedrat.motor.motorcommon.common.enumerate.result.ResultEnum</resultNameEnumClass>
            <resultNameEnumName>WORKING_POINT_TABLE</resultNameEnumName>
            <forceNewLine>false</forceNewLine>
          </resultDataOutput>
          <resultDataOutput>
            <iconEnumClass>com.cedrat.motor.motorcommon.resultmodel.data.enumerate.ResultIconEnum</iconEnumClass>
            <iconEnumName>TABLE</iconEnumName>
            <resultNameEnumClass>com.cedrat.motor.motorcommon.common.enumerate.result.ResultEnum</resultNameEnumClass>
            <resultNameEnumName>WORKING_POINT_POWER_ELECTRONICS</resultNameEnumName>
            <forceNewLine>false</forceNewLine>
          </resultDataOutput>
          <resultDataOutput>
            <iconEnumClass>com.cedrat.motor.motorcommon.resultmodel.data.enumerate.ResultIconEnum</iconEnumClass>
            <iconEnumName>TABLE</iconEnumName>
            <resultNameEnumClass>com.cedrat.motor.motorcommon.common.enumerate.result.ResultEnum</resultNameEnumClass>
            <resultNameEnumName>WORKING_POINT_RIPPLE_TORQUE_DATA</resultNameEnumName>
            <forceNewLine>true</forceNewLine>
          </resultDataOutput>
        </resultSectionsResults>
      </resultSections>
      <resultSections>
        <sectionTitle>Curves</sectionTitle>
        <resultSectionsResults>
          <resultDataOutput>
            <iconEnumClass>com.cedrat.motor.motorcommon.resultmodel.data.enumerate.ResultIconEnum</iconEnumClass>
            <iconEnumName>CURVE</iconEnumName>
            <resultNameEnumClass>com.cedrat.motor.motorcommon.common.enumerate.result.ResultEnum</resultNameEnumClass>
            <resultNameEnumName>WORKING_POINT_RIPPLE_TORQUE_CURVE</resultNameEnumName>
            <forceNewLine>false</forceNewLine>
          </resultDataOutput>
          <resultDataOutput>
            <iconEnumClass>com.cedrat.motor.motorcommon.resultmodel.data.enumerate.ResultIconEnum</iconEnumClass>
            <iconEnumName>CURVE</iconEnumName>
            <resultNameEnumClass>com.cedrat.motor.motorcommon.common.enumerate.result.ResultEnum</resultNameEnumClass>
            <resultNameEnumName>WORKING_POINT_AIRGAP_FLUX_DENSITY_CURVE</resultNameEnumName>
            <forceNewLine>true</forceNewLine>
          </resultDataOutput>
        </resultSectionsResults>
      </resultSections>
      <resultSections>
        <sectionTitle>Graphic</sectionTitle>
        <resultSectionsResults>
          <resultDataOutput>
            <iconEnumClass>com.cedrat.motor.motorcommon.resultmodel.data.enumerate.ResultIconEnum</iconEnumClass>
            <iconEnumName>MAP</iconEnumName>
            <resultNameEnumClass>com.cedrat.motor.motorcommon.common.enumerate.result.ResultEnum</resultNameEnumClass>
            <resultNameEnumName>TEST_ISOVALUE</resultNameEnumName>
            <forceNewLine>true</forceNewLine>
          </resultDataOutput>
        </resultSectionsResults>
      </resultSections>
    </sections>
  </resultSheet>
  <resultSheet>
    <keyName>WP_SQUARE_MOT_CURRENT</keyName>
    <uuid>f5e1af73-947e-477c-bfc8-e3a4c59f9758</uuid>
    <typeClass>com.cedrat.motor.motorcommon.common.enumerate.test.TestTypeEnum</typeClass>
    <typeName>WP_SQUARE_MOT_CURRENT</typeName>
    <version>1.0</version>
    <sections>
      <resultSections>
        <sectionTitle>Configuration</sectionTitle>
        <resultSectionsResults>
          <resultDataOutput>
            <iconEnumClass>com.cedrat.motor.motorcommon.resultmodel.data.enumerate.ResultIconEnum</iconEnumClass>
            <iconEnumName>TABLE</iconEnumName>
            <resultNameEnumClass>com.cedrat.motor.motorcommon.common.enumerate.result.ResultEnum</resultNameEnumClass>
            <resultNameEnumName>COMMOM_TEST_INPUT</resultNameEnumName>
            <forceNewLine>false</forceNewLine>
          </resultDataOutput>
          <resultDataOutput>
            <iconEnumClass>com.cedrat.motor.motorcommon.resultmodel.data.enumerate.ResultIconEnum</iconEnumClass>
            <iconEnumName>TABLE</iconEnumName>
            <resultNameEnumClass>com.cedrat.motor.motorcommon.common.enumerate.result.ResultEnum</resultNameEnumClass>
            <resultNameEnumName>COMMON_TEST_SETTING</resultNameEnumName>
            <forceNewLine>false</forceNewLine>
          </resultDataOutput>
          <resultDataOutput>
            <iconEnumClass>com.cedrat.motor.motorcommon.resultmodel.data.enumerate.ResultIconEnum</iconEnumClass>
            <iconEnumName>TABLE</iconEnumName>
            <resultNameEnumClass>com.cedrat.motor.motorcommon.common.enumerate.result.ResultEnum</resultNameEnumClass>
            <resultNameEnumName>COMMON_TEST_WINDING_MAGNET</resultNameEnumName>
            <forceNewLine>true</forceNewLine>
          </resultDataOutput>
        </resultSectionsResults>
      </resultSections>
      <resultSections>
        <sectionTitle>Main results</sectionTitle>
        <resultSectionsResults>
          <resultDataOutput>
            <iconEnumClass>com.cedrat.motor.motorcommon.resultmodel.data.enumerate.ResultIconEnum</iconEnumClass>
            <iconEnumName>TABLE</iconEnumName>
            <resultNameEnumClass>com.cedrat.motor.motorcommon.common.enumerate.result.ResultEnum</resultNameEnumClass>
            <resultNameEnumName>WORKING_POINT_TABLE</resultNameEnumName>
            <forceNewLine>false</forceNewLine>
          </resultDataOutput>
          <resultDataOutput>
            <iconEnumClass>com.cedrat.motor.motorcommon.resultmodel.data.enumerate.ResultIconEnum</iconEnumClass>
            <iconEnumName>TABLE</iconEnumName>
            <resultNameEnumClass>com.cedrat.motor.motorcommon.common.enumerate.result.ResultEnum</resultNameEnumClass>
            <resultNameEnumName>WORKING_POINT_RIPPLE_TORQUE_DATA</resultNameEnumName>
            <forceNewLine>true</forceNewLine>
          </resultDataOutput>
        </resultSectionsResults>
      </resultSections>
      <resultSections>
        <sectionTitle>Curves</sectionTitle>
        <resultSectionsResults>
          <resultDataOutput>
            <iconEnumClass>com.cedrat.motor.motorcommon.resultmodel.data.enumerate.ResultIconEnum</iconEnumClass>
            <iconEnumName>CURVE</iconEnumName>
            <resultNameEnumClass>com.cedrat.motor.motorcommon.common.enumerate.result.ResultEnum</resultNameEnumClass>
            <resultNameEnumName>WORKING_POINT_SQUARE_WAVE_SUPERIMPOSED_CURVES</resultNameEnumName>
            <forceNewLine>false</forceNewLine>
          </resultDataOutput>
          <resultDataOutput>
            <iconEnumClass>com.cedrat.motor.motorcommon.resultmodel.data.enumerate.ResultIconEnum</iconEnumClass>
            <iconEnumName>CURVE</iconEnumName>
            <resultNameEnumClass>com.cedrat.motor.motorcommon.common.enumerate.result.ResultEnum</resultNameEnumClass>
            <resultNameEnumName>WORKING_POINT_SQUARE_WAVE_BACK_EMF</resultNameEnumName>
            <forceNewLine>false</forceNewLine>
          </resultDataOutput>
          <resultDataOutput>
            <iconEnumClass>com.cedrat.motor.motorcommon.resultmodel.data.enumerate.ResultIconEnum</iconEnumClass>
            <iconEnumName>CURVE</iconEnumName>
            <resultNameEnumClass>com.cedrat.motor.motorcommon.common.enumerate.result.ResultEnum</resultNameEnumClass>
            <resultNameEnumName>WORKING_POINT_SQUARE_WAVE_CURRENT_TORQUE</resultNameEnumName>
            <forceNewLine>false</forceNewLine>
          </resultDataOutput>
          <resultDataOutput>
            <iconEnumClass>com.cedrat.motor.motorcommon.resultmodel.data.enumerate.ResultIconEnum</iconEnumClass>
            <iconEnumName>CURVE</iconEnumName>
            <resultNameEnumClass>com.cedrat.motor.motorcommon.common.enumerate.result.ResultEnum</resultNameEnumClass>
            <resultNameEnumName>WORKING_POINT_SQUARE_WAVE_CURRENT_VOLTAGE_PHASE</resultNameEnumName>
            <forceNewLine>false</forceNewLine>
          </resultDataOutput>
          <resultDataOutput>
            <iconEnumClass>com.cedrat.motor.motorcommon.resultmodel.data.enumerate.ResultIconEnum</iconEnumClass>
            <iconEnumName>CURVE</iconEnumName>
            <resultNameEnumClass>com.cedrat.motor.motorcommon.common.enumerate.result.ResultEnum</resultNameEnumClass>
            <resultNameEnumName>WORKING_POINT_SQUARE_WAVE_CURRENT_VOLTAGE_LINE</resultNameEnumName>
            <forceNewLine>false</forceNewLine>
          </resultDataOutput>
          <resultDataOutput>
            <iconEnumClass>com.cedrat.motor.motorcommon.resultmodel.data.enumerate.ResultIconEnum</iconEnumClass>
            <iconEnumName>CURVE</iconEnumName>
            <resultNameEnumClass>com.cedrat.motor.motorcommon.common.enumerate.result.ResultEnum</resultNameEnumClass>
            <resultNameEnumName>WORKING_POINT_SQUARE_WAVE_CURRENT_CURRENT_PHASE</resultNameEnumName>
            <forceNewLine>false</forceNewLine>
          </resultDataOutput>
          <resultDataOutput>
            <iconEnumClass>com.cedrat.motor.motorcommon.resultmodel.data.enumerate.ResultIconEnum</iconEnumClass>
            <iconEnumName>CURVE</iconEnumName>
            <resultNameEnumClass>com.cedrat.motor.motorcommon.common.enumerate.result.ResultEnum</resultNameEnumClass>
            <resultNameEnumName>WORKING_POINT_SQUARE_WAVE_CURRENT_CURRENT_LINE</resultNameEnumName>
            <forceNewLine>false</forceNewLine>
          </resultDataOutput>
          <resultDataOutput>
            <iconEnumClass>com.cedrat.motor.motorcommon.resultmodel.data.enumerate.ResultIconEnum</iconEnumClass>
            <iconEnumName>CURVE</iconEnumName>
            <resultNameEnumClass>com.cedrat.motor.motorcommon.common.enumerate.result.ResultEnum</resultNameEnumClass>
            <resultNameEnumName>WORKING_POINT_SQUARE_WAVE_CURRENT_POWER</resultNameEnumName>
            <forceNewLine>false</forceNewLine>
          </resultDataOutput>
          <resultDataOutput>
            <iconEnumClass>com.cedrat.motor.motorcommon.resultmodel.data.enumerate.ResultIconEnum</iconEnumClass>
            <iconEnumName>CURVE</iconEnumName>
            <resultNameEnumClass>com.cedrat.motor.motorcommon.common.enumerate.result.ResultEnum</resultNameEnumClass>
            <resultNameEnumName>WORKING_POINT_SQUARE_WAVE_CURRENT_LOSS</resultNameEnumName>
            <forceNewLine>true</forceNewLine>
          </resultDataOutput>
        </resultSectionsResults>
      </resultSections>
    </sections>
  </resultSheet>
</testResults>
